生成启动时间为 2018/11/16 11:05:38。
     1>项目“E:\学习\VS2010\PC\PC_VS2010_Trigger_ForC\TriggerExplain\TriggerExplain\TriggerExplain.vcxproj”在节点 2 上(build 个目标)。
     1>InitializeBuildStatus:
         正在创建“Debug\TriggerExplain.unsuccessfulbuild”，因为已指定“AlwaysCreate”。
       ClCompile:
         所有输出均为最新。
         所有输出均为最新。
       ResourceCompile:
         C:\Program Files (x86)\Microsoft SDKs\Windows\v7.0A\bin\rc.exe /D _DEBUG /D _UNICODE /D UNICODE /l"0x0804" /IDebug\ /nologo /fo"Debug\TriggerExplain.res" TriggerExplain.rc 
       ManifestResourceCompile:
         所有输出均为最新。
       Link:
         d:\Program Files (x86)\Microsoft Visual Studio 10.0\VC\bin\link.exe /ERRORREPORT:PROMPT /OUT:"E:\学习\VS2010\PC\PC_VS2010_Trigger_ForC\TriggerExplain\Debug\TriggerExplain.exe" /INCREMENTAL /NOLOGO /MANIFEST /ManifestFile:"Debug\TriggerExplain.exe.intermediate.manifest" /MANIFESTUAC:"level='asInvoker' uiAccess='false'" /DEBUG /PDB:"E:\学习\VS2010\PC\PC_VS2010_Trigger_ForC\TriggerExplain\Debug\TriggerExplain.pdb" /SUBSYSTEM:WINDOWS /TLBID:1 /ENTRY:"wWinMainCRTStartup" /DYNAMICBASE /NXCOMPAT /IMPLIB:"E:\学习\VS2010\PC\PC_VS2010_Trigger_ForC\TriggerExplain\Debug\TriggerExplain.lib" /MACHINE:X86 Debug\TriggerExplain.res
         Debug\TriggerExplain.exe.embed.manifest.res
         Debug\Des.obj
         Debug\stdafx.obj
         Debug\TriggerExplain.obj
         Debug\TriggerExplainDlg.obj
       Manifest:
         C:\Program Files (x86)\Microsoft SDKs\Windows\v7.0A\bin\mt.exe /nologo /verbose /out:"Debug\TriggerExplain.exe.embed.manifest" /manifest Debug\TriggerExplain.exe.intermediate.manifest "d:\Program Files (x86)\Microsoft Visual Studio 10.0\VC\Include\Manifest\dpiaware.manifest"
         所有输出均为最新。
       LinkEmbedManifest:
         所有输出均为最新。
         TriggerExplain.vcxproj -> E:\学习\VS2010\PC\PC_VS2010_Trigger_ForC\TriggerExplain\Debug\TriggerExplain.exe
       FinalizeBuildStatus:
         正在删除文件“Debug\TriggerExplain.unsuccessfulbuild”。
         正在对“Debug\TriggerExplain.lastbuildstate”执行 Touch 任务。
     1>已完成生成项目“E:\学习\VS2010\PC\PC_VS2010_Trigger_ForC\TriggerExplain\TriggerExplain\TriggerExplain.vcxproj”(build 个目标)的操作。

生成成功。

已用时间 00:00:00.87
